# JRE version: OpenJDK Runtime Environment (11.0.8+10) (build 11.0.8+10-b944.6842174)
# Java VM: OpenJDK 64-Bit Server VM (11.0.8+10-b944.6842174, mixed mode, tiered, compressed oops, g1 gc, windows-amd64)
Heap:
 garbage-first heap   total 194560K, used 126841K [0x0000000080000000, 0x0000000100000000)
  region size 1024K, 3 young (3072K), 2 survivors (2048K)
 Metaspace       used 139993K, capacity 143227K, committed 143360K, reserved 1173504K
  class space    used 17588K, capacity 18834K, committed 18944K, reserved 1048576K
GC Heap History (20 events):
Event: 27.433 GC heap before
{Heap before GC invocations=25 (full 0):
 garbage-first heap   total 194560K, used 160850K [0x0000000080000000, 0x0000000100000000)
  region size 1024K, 59 young (60416K), 2 survivors (2048K)
 Metaspace       used 100257K, capacity 102946K, committed 103168K, reserved 1138688K
  class space    used 12760K, capacity 13792K, committed 13824K, reserved 1048576K
}
Event: 27.438 GC heap after
{Heap after GC invocations=26 (full 0):
 garbage-first heap   total 194560K, used 103576K [0x0000000080000000, 0x0000000100000000)
  region size 1024K, 2 young (2048K), 2 survivors (2048K)
 Metaspace       used 100257K, capacity 102946K, committed 103168K, reserved 1138688K
  class space    used 12760K, capacity 13792K, committed 13824K, reserved 1048576K
}
Event: 27.767 GC heap before
{Heap before GC invocations=27 (full 0):
 garbage-first heap   total 194560K, used 116888K [0x0000000080000000, 0x0000000100000000)
  region size 1024K, 17 young (17408K), 2 survivors (2048K)
 Metaspace       used 103841K, capacity 106655K, committed 107008K, reserved 1142784K
  class space    used 13170K, capacity 14222K, committed 14336K, reserved 1048576K
}
Event: 27.774 GC heap after
{Heap after GC invocations=28 (full 0):
 garbage-first heap   total 194560K, used 104703K [0x0000000080000000, 0x0000000100000000)
  region size 1024K, 3 young (3072K), 3 survivors (3072K)
 Metaspace       used 103841K, capacity 106655K, committed 107008K, reserved 1142784K
  class space    used 13170K, capacity 14222K, committed 14336K, reserved 1048576K
}
Event: 28.911 GC heap before
{Heap before GC invocations=29 (full 0):
 garbage-first heap   total 194560K, used 152831K [0x0000000080000000, 0x0000000100000000)
  region size 1024K, 49 young (50176K), 3 survivors (3072K)
 Metaspace       used 106890K, capacity 109875K, committed 110080K, reserved 1144832K
  class space    used 13460K, capacity 14562K, committed 14592K, reserved 1048576K
}
Event: 28.916 GC heap after
{Heap after GC invocations=30 (full 0):
 garbage-first heap   total 194560K, used 107306K [0x0000000080000000, 0x0000000100000000)
  region size 1024K, 4 young (4096K), 4 survivors (4096K)
 Metaspace       used 106890K, capacity 109875K, committed 110080K, reserved 1144832K
  class space    used 13460K, capacity 14562K, committed 14592K, reserved 1048576K
}
Event: 29.535 GC heap before
{Heap before GC invocations=30 (full 0):
 garbage-first heap   total 194560K, used 115498K [0x0000000080000000, 0x0000000100000000)
  region size 1024K, 14 young (14336K), 4 survivors (4096K)
 Metaspace       used 106976K, capacity 109887K, committed 110080K, reserved 1144832K
  class space    used 13469K, capacity 14565K, committed 14592K, reserved 1048576K
}
Event: 29.551 GC heap after
{Heap after GC invocations=31 (full 0):
 garbage-first heap   total 194560K, used 106487K [0x0000000080000000, 0x0000000100000000)
  region size 1024K, 5 young (5120K), 5 survivors (5120K)
 Metaspace       used 106976K, capacity 109887K, committed 110080K, reserved 1144832K
  class space    used 13469K, capacity 14565K, committed 14592K, reserved 1048576K
}
Event: 30.423 GC heap before
{Heap before GC invocations=32 (full 0):
 garbage-first heap   total 194560K, used 167927K [0x0000000080000000, 0x0000000100000000)
  region size 1024K, 54 young (55296K), 5 survivors (5120K)
 Metaspace       used 117590K, capacity 120654K, committed 120960K, reserved 1155072K
  class space    used 14508K, capacity 15651K, committed 15744K, reserved 1048576K
}
Event: 30.432 GC heap after
{Heap after GC invocations=33 (full 0):
 garbage-first heap   total 194560K, used 121224K [0x0000000080000000, 0x0000000100000000)
  region size 1024K, 7 young (7168K), 7 survivors (7168K)
 Metaspace       used 117590K, capacity 120654K, committed 120960K, reserved 1155072K
  class space    used 14508K, capacity 15651K, committed 15744K, reserved 1048576K
}
Event: 30.495 GC heap before
{Heap before GC invocations=33 (full 0):
 garbage-first heap   total 194560K, used 123272K [0x0000000080000000, 0x0000000100000000)
  region size 1024K, 9 young (9216K), 7 survivors (7168K)
 Metaspace       used 118260K, capacity 121337K, committed 121600K, reserved 1155072K
  class space    used 14610K, capacity 15751K, committed 15872K, reserved 1048576K
}
Event: 30.504 GC heap after
{Heap after GC invocations=34 (full 0):
 garbage-first heap   total 194560K, used 120239K [0x0000000080000000, 0x0000000100000000)
  region size 1024K, 1 young (1024K), 1 survivors (1024K)
 Metaspace       used 118260K, capacity 121337K, committed 121600K, reserved 1155072K
  class space    used 14610K, capacity 15751K, committed 15872K, reserved 1048576K
}
Event: 31.272 GC heap before
{Heap before GC invocations=34 (full 0):
 garbage-first heap   total 194560K, used 160175K [0x0000000080000000, 0x0000000100000000)
  region size 1024K, 40 young (40960K), 1 survivors (1024K)
 Metaspace       used 127574K, capacity 130649K, committed 130944K, reserved 1163264K
  class space    used 16001K, capacity 17167K, committed 17280K, reserved 1048576K
}
Event: 31.280 GC heap after
{Heap after GC invocations=35 (full 0):
 garbage-first heap   total 194560K, used 122785K [0x0000000080000000, 0x0000000100000000)
  region size 1024K, 4 young (4096K), 4 survivors (4096K)
 Metaspace       used 127574K, capacity 130649K, committed 130944K, reserved 1163264K
  class space    used 16001K, capacity 17167K, committed 17280K, reserved 1048576K
}
Event: 32.632 GC heap before
{Heap before GC invocations=36 (full 0):
 garbage-first heap   total 194560K, used 160673K [0x0000000080000000, 0x0000000100000000)
  region size 1024K, 41 young (41984K), 4 survivors (4096K)
 Metaspace       used 138941K, capacity 142117K, committed 142336K, reserved 1173504K
  class space    used 17469K, capacity 18684K, committed 18688K, reserved 1048576K
}
Event: 32.637 GC heap after
{Heap after GC invocations=37 (full 0):
 garbage-first heap   total 194560K, used 125852K [0x0000000080000000, 0x0000000100000000)
  region size 1024K, 3 young (3072K), 3 survivors (3072K)
 Metaspace       used 138941K, capacity 142117K, committed 142336K, reserved 1173504K
  class space    used 17469K, capacity 18684K, committed 18688K, reserved 1048576K
}
Event: 32.825 GC heap before
{Heap before GC invocations=37 (full 0):
 garbage-first heap   total 194560K, used 130972K [0x0000000080000000, 0x0000000100000000)
  region size 1024K, 9 young (9216K), 3 survivors (3072K)
 Metaspace       used 139512K, capacity 142699K, committed 142976K, reserved 1173504K
  class space    used 17535K, capacity 18791K, committed 18816K, reserved 1048576K
}
Event: 32.829 GC heap after
{Heap after GC invocations=38 (full 0):
 garbage-first heap   total 194560K, used 126287K [0x0000000080000000, 0x0000000100000000)
  region size 1024K, 1 young (1024K), 1 survivors (1024K)
 Metaspace       used 139512K, capacity 142699K, committed 142976K, reserved 1173504K
  class space    used 17535K, capacity 18791K, committed 18816K, reserved 1048576K
}
Event: 33.261 GC heap before
{Heap before GC invocations=38 (full 0):
 garbage-first heap   total 194560K, used 161103K [0x0000000080000000, 0x0000000100000000)
  region size 1024K, 36 young (36864K), 1 survivors (1024K)
 Metaspace       used 139969K, capacity 143224K, committed 143360K, reserved 1173504K
  class space    used 17584K, capacity 18833K, committed 18944K, reserved 1048576K
}
Event: 33.266 GC heap after
{Heap after GC invocations=39 (full 0):
 garbage-first heap   total 194560K, used 126841K [0x0000000080000000, 0x0000000100000000)
  region size 1024K, 2 young (2048K), 2 survivors (2048K)
 Metaspace       used 139969K, capacity 143224K, committed 143360K, reserved 1173504K
  class space    used 17584K, capacity 18833K, committed 18944K, reserved 1048576K
}

